Started GET "/" for 127.0.0.1 at 2018-09-25 14:05:43 +0100
Processing by Rails::WelcomeController#index as HTML
  Rendering /Users/bamroc/.rbenv/versions/2.3.1/lib/ruby/gems/2.3.0/gems/railties-5.1.6/lib/rails/templates/rails/welcome/index.html.erb
  Rendered /Users/bamroc/.rbenv/versions/2.3.1/lib/ruby/gems/2.3.0/gems/railties-5.1.6/lib/rails/templates/rails/welcome/index.html.erb (5.5ms)
Completed 200 OK in 403ms (Views: 18.3ms)


Started GET "/welcome/home.html" for 127.0.0.1 at 2018-09-25 14:06:01 +0100
Processing by WelcomeController#home as HTML
  Rendering welcome/home.html.erb within layouts/application
  Rendered welcome/home.html.erb within layouts/application (0.8ms)
Completed 200 OK in 406ms (Views: 401.4ms)


Started GET "/welcome/home.html" for 127.0.0.1 at 2018-09-25 14:06:50 +0100
Processing by WelcomeController#home as HTML
  Rendering welcome/home.html.erb within layouts/application
  Rendered welcome/home.html.erb within layouts/application (0.6ms)
Completed 200 OK in 70ms (Views: 64.9ms)


Started GET "/pages/home.html" for 127.0.0.1 at 2018-09-25 14:11:23 +0100
Processing by PagesController#home as HTML
  Rendering pages/home.html.erb within layouts/application
  Rendered pages/home.html.erb within layouts/application (323.3ms)
Completed 500 Internal Server Error in 343ms


  
ActionView::Template::Error (undefined local variable or method `welcome_home_path' for #<#<Class:0x007fb8bdbb5738>:0x007fb8bdba5590>):
    1: <h2>This is the homepage</h2>
    2: <%= link to 'Home', welcome_home_path %>
  
app/views/pages/home.html.erb:2:in `_app_views_pages_home_html_erb___3415376303797406627_70215716943420'
Started GET "/pages/home.html" for 127.0.0.1 at 2018-09-25 14:11:54 +0100
Processing by PagesController#home as HTML
  Rendering pages/home.html.erb within layouts/application
  Rendered pages/home.html.erb within layouts/application (342.7ms)
Completed 500 Internal Server Error in 353ms


  
ActionView::Template::Error (undefined local variable or method `welcome_home_path' for #<#<Class:0x007fb8bdbb5738>:0x007fb8bc5ab348>):
    1: <h2>This is the homepage</h2>
    2: <%= link_to 'Home', welcome_home_path %>
  
app/views/pages/home.html.erb:2:in `_app_views_pages_home_html_erb___3415376303797406627_70215705347920'
Started GET "/pages/home.html" for 127.0.0.1 at 2018-09-25 14:12:49 +0100
Processing by PagesController#home as HTML
  Rendering pages/home.html.erb within layouts/application
  Rendered pages/home.html.erb within layouts/application (1.1ms)
Completed 200 OK in 93ms (Views: 87.8ms)


Started GET "/pages/about" for 127.0.0.1 at 2018-09-25 14:12:52 +0100
Processing by PagesController#about as HTML
  Rendering pages/about.html.erb within layouts/application
  Rendered pages/about.html.erb within layouts/application (1.4ms)
Completed 200 OK in 25ms (Views: 20.4ms)


Started GET "/about" for 127.0.0.1 at 2018-09-25 14:18:03 +0100
Processing by PagesController#about as HTML
  Rendering pages/about.html.erb within layouts/application
  Rendered pages/about.html.erb within layouts/application (0.9ms)
Completed 200 OK in 33ms (Views: 28.8ms)


Started GET "/" for 127.0.0.1 at 2018-09-25 14:18:07 +0100
Processing by PagesController#home as HTML
  Rendering pages/home.html.erb within layouts/application
  Rendered pages/home.html.erb within layouts/application (1.0ms)
Completed 200 OK in 48ms (Views: 44.2ms)


Started GET "/about" for 127.0.0.1 at 2018-09-25 14:18:09 +0100
Processing by PagesController#about as HTML
  Rendering pages/about.html.erb within layouts/application
  Rendered pages/about.html.erb within layouts/application (1.1ms)
Completed 200 OK in 125ms (Views: 121.7ms)


Started GET "/about" for 127.0.0.1 at 2018-09-25 16:13:08 +0100
Processing by PagesController#about as HTML
  Rendering pages/about.html.erb within layouts/application
  Rendered pages/about.html.erb within layouts/application (0.8ms)
Completed 200 OK in 30ms (Views: 28.0ms)


  [1m[35m (0.1ms)[0m  [1m[34mSELECT sqlite_version(*)[0m
  [1m[35m (1.4ms)[0m  [1m[35mCREATE TABLE "schema_migrations" ("version" varchar NOT NULL PRIMARY KEY)[0m
  [1m[35m (1.2ms)[0m  [1m[35mCREATE TABLE "ar_internal_metadata" ("key" varchar NOT NULL PRIMARY KEY, "value" varchar, "created_at" datetime NOT NULL, "updated_at" datetime NOT NULL)[0m
  [1m[35m (0.2ms)[0m  [1m[34mSELECT "schema_migrations"."version" FROM "schema_migrations" ORDER BY "schema_migrations"."version" ASC[0m
Migrating to CreateArticles (20180925160942)
  [1m[35m (0.1ms)[0m  [1m[36mbegin transaction[0m
  [1m[35m (0.5ms)[0m  [1m[35mCREATE TABLE "articles" ("id" INTEGER PRIMARY KEY AUTOINCREMENT NOT NULL, "title" varchar, "description" text)[0m
  [1m[35mSQL (0.2ms)[0m  [1m[32mINSERT INTO "schema_migrations" ("version") VALUES (?)[0m  [["version", "20180925160942"]]
  [1m[35m (0.9ms)[0m  [1m[36mcommit transaction[0m
  [1m[36mActiveRecord::InternalMetadata Load (0.2ms)[0m  [1m[34mSELECT  "ar_internal_metadata".* FROM "ar_internal_metadata" WHERE "ar_internal_metadata"."key" = ? LIMIT ?[0m  [["key", "environment"], ["LIMIT", 1]]
  [1m[35m (0.1ms)[0m  [1m[36mbegin transaction[0m
  [1m[35mSQL (0.4ms)[0m  [1m[32mINSERT INTO "ar_internal_metadata" ("key", "value", "created_at", "updated_at") VALUES (?, ?, ?, ?)[0m  [["key", "environment"], ["value", "development"], ["created_at", "2018-09-25 16:11:19.447811"], ["updated_at", "2018-09-25 16:11:19.447811"]]
  [1m[35m (0.9ms)[0m  [1m[36mcommit transaction[0m
  [1m[35m (0.2ms)[0m  [1m[34mSELECT "schema_migrations"."version" FROM "schema_migrations" ORDER BY "schema_migrations"."version" ASC[0m
